2023-04-20T08:05:31+00:00 DEBUG tt4b_product_sync: missing access token for tt4b_product_sync
2023-04-20T08:05:31+00:00 DEBUG tt4b_product_sync: missing access token for tt4b_product_sync
2023-04-20T08:05:31+00:00 DEBUG tt4b_product_sync: missing access token for tt4b_product_sync
2023-04-20T08:05:31+00:00 DEBUG tt4b_product_sync: missing access token for tt4b_product_sync
2023-04-20T08:05:32+00:00 DEBUG tt4b_product_sync: missing access token for tt4b_product_sync
2023-04-20T08:05:32+00:00 DEBUG tt4b_product_sync: missing access token for tt4b_product_sync
2023-04-20T08:05:33+00:00 DEBUG tt4b_product_sync: missing access token for tt4b_product_sync
2023-04-20T08:05:33+00:00 DEBUG tt4b_product_sync: missing access token for tt4b_product_sync
2023-04-20T08:05:35+00:00 DEBUG tt4b_product_sync: missing access token for tt4b_product_sync
2023-04-20T08:05:35+00:00 DEBUG tt4b_product_sync: missing access token for tt4b_product_sync
2023-04-20T09:04:43+00:00 DEBUG tt4b_product_sync: missing access token for tt4b_product_sync
2023-04-20T09:38:31+00:00 DEBUG POST: https://business-api.tiktok.com/open_api/v1.2/tbp/business_profile/disconnect/

{"external_business_id":false,"business_platform":"WOO_COMMERCE","is_setup_page":0,"app_id":false}
 ajax: no
2023-04-20T09:38:32+00:00 DEBUG Tt4b_Mapi_Class::mapi_post: Response: 

HTTP/1.1 200 OK
Server: nginx
Content-Type: application/json; charset=utf-8
Content-Length: 103
X-Api-Deprecation-Info: API for Business Version 1.3 is now live. To avoid disruption to your business, we recommend you migrate all calls to v1.3 as soon as possible. Please visit our migration guide for more details: https://ads.tiktok.com/marketing_api/docs?id=1740029169927169
X-Domain-Change-Info: We have moved to the new domain business-api.tiktok.com for API services after the Platform Upgrade on 09/30/2021. Please update all of your requests with the new domain if you haven't done so already. For more information, please visit https://ads.tiktok.com/marketing_api/docs?rid=esb88xalm6m&id=1709207085043713
X-Tt-Logid: 2023042009383119A0C056825716010FB2
x-tt-trace-host: 01afa3aca462d7c8240ed7a415680e49fb18c672cd20c7b780d4e6067bf326e052422386d020ff6d4f3ffcc05035cb2f0fbbfe9b755a60e98d3384a088928ae0988cfb45a23345a57e4bb37be4ae6b6d7ad10b60db99db2f782e4a5415aae1e2f3c934abec249196a8e822006cec2e7c0e
X-Origin-Response-Time: 11,23.48.172.30
X-Akamai-Request-ID: cc2d79c2.2f239ee
Expires: Thu, 20 Apr 2023 09:38:32 GMT
Cache-Control: max-age=0, no-cache, no-store
Pragma: no-cache
Date: Thu, 20 Apr 2023 09:38:32 GMT
X-Cache: TCP_MISS from a95-101-133-47.deploy.akamaitechnologies.com (AkamaiGHost/11.0.3-47547230) (-)
Connection: close
X-Cache-Remote: TCP_MISS from a23-48-172-30.deploy.akamaitechnologies.com (AkamaiGHost/11.0.3-47547230) (-)
x-tt-trace-tag: id=16;cdn-cache=miss;type=dyn
Server-Timing: cdn-cache; desc=MISS, edge; dur=179, origin; dur=10
Server-Timing: inner; dur=7
X-Parent-Response-Time: 185,95.101.133.47

{"code":40104,"message":"The access_token is empty.","request_id":"2023042009383119A0C056825716010FB2"}

2023-04-20T09:38:32+00:00 DEBUG POST: https://business-api.tiktok.com/tbp/v2.0/shop/connection/disconnect?external_data=

--- EMPTY STRING ---
 ajax: no
2023-04-20T09:38:33+00:00 DEBUG Tt4b_Mapi_Class::tts_shop_disconnect: Response: 

HTTP/1.1 200 OK
Server: nginx
Content-Type: application/json; charset=utf-8
Content-Length: 95
X-Api-Deprecation-Info: API for Business Version 1.3 is now live. To avoid disruption to your business, we recommend you migrate all calls to v1.3 as soon as possible. Please visit our migration guide for more details: https://ads.tiktok.com/marketing_api/docs?id=1740029169927169
X-Domain-Change-Info: We have moved to the new domain business-api.tiktok.com for API services after the Platform Upgrade on 09/30/2021. Please update all of your requests with the new domain if you haven't done so already. For more information, please visit https://ads.tiktok.com/marketing_api/docs?rid=esb88xalm6m&id=1709207085043713
X-Tt-Logid: 20230420093832B7E5C13F5D483F013991
x-tt-trace-host: 01afa3aca462d7c8240ed7a415680e49fb18c672cd20c7b780d4e6067bf326e0528570cf6d64f9754d0670f5eea0dd6db1b4ec0955ad08076fa96648886a64a98e321f478b8ff906c6bd8b79f358f93715f491aec3ce2c628117c4b3858fd50954d92176f6da519a01e640bad7e417cd37
X-Origin-Response-Time: 17,23.48.172.29
X-Akamai-Request-ID: 81f05a09.2f23e97
Expires: Thu, 20 Apr 2023 09:38:33 GMT
Cache-Control: max-age=0, no-cache, no-store
Pragma: no-cache
Date: Thu, 20 Apr 2023 09:38:33 GMT
X-Cache: TCP_MISS from a95-101-133-47.deploy.akamaitechnologies.com (AkamaiGHost/11.0.3-47547230) (-)
Connection: close
X-Cache-Remote: TCP_MISS from a23-48-172-29.deploy.akamaitechnologies.com (AkamaiGHost/11.0.3-47547230) (-)
x-tt-trace-tag: id=16;cdn-cache=miss;type=dyn
Server-Timing: cdn-cache; desc=MISS, edge; dur=175, origin; dur=17
Server-Timing: inner; dur=12
X-Parent-Response-Time: 189,95.101.133.47

{"code":40001,"message":"Permission denied.","request_id":"20230420093832B7E5C13F5D483F013991"}

